2025-05-06 23:43:32,894 - INFO - Starting notification bot...
2025-05-06 23:43:32,894 - INFO - Checking for new notifications at 2025-05-06 23:43:32.894017
2025-05-06 23:43:34,585 - INFO - No new notifications found
2025-05-06 23:48:34,586 - INFO - Checking for new notifications at 2025-05-06 23:48:34.586780
2025-05-06 23:48:36,267 - INFO - No new notifications found
2025-05-06 23:49:52,525 - INFO - Starting notification bot...
2025-05-06 23:49:52,526 - ERROR - Error loading cache: Expecting value: line 1 column 1 (char 0)
2025-05-06 23:49:52,526 - INFO - Checking for new notifications at 2025-05-06 23:49:52.526712
2025-05-06 23:49:54,522 - INFO - Found 5 new notifications
2025-05-06 23:49:55,822 - ERROR - Error in main loop: 'general'
2025-05-06 23:50:26,030 - INFO - Starting notification bot...
2025-05-06 23:50:26,030 - ERROR - Error loading cache: Expecting value: line 1 column 1 (char 0)
2025-05-06 23:50:26,030 - INFO - Checking for new notifications at 2025-05-06 23:50:26.030143
2025-05-06 23:50:27,564 - INFO - Found 5 new notifications
2025-05-06 23:50:28,647 - ERROR - Error in main loop: 'general'
2025-05-06 23:50:55,827 - INFO - Checking for new notifications at 2025-05-06 23:50:55.827046
2025-05-06 23:50:56,902 - INFO - Found 4 new notifications
2025-05-06 23:50:57,475 - ERROR - Error in main loop: 'general'
2025-05-06 23:51:11,145 - INFO - Starting notification bot...
2025-05-06 23:51:11,145 - ERROR - Error loading cache: Expecting value: line 1 column 1 (char 0)
2025-05-06 23:51:11,145 - INFO - Checking for new notifications at 2025-05-06 23:51:11.145396
2025-05-06 23:51:12,706 - INFO - Found 5 new notifications
2025-05-06 23:51:13,897 - ERROR - Error in main loop: 'general'
2025-05-06 23:51:57,477 - INFO - Checking for new notifications at 2025-05-06 23:51:57.477426
2025-05-06 23:51:58,658 - INFO - Found 3 new notifications
2025-05-06 23:51:59,164 - ERROR - Error in main loop: 'general'
2025-05-06 23:52:13,898 - INFO - Checking for new notifications at 2025-05-06 23:52:13.898819
2025-05-06 23:52:14,821 - INFO - Found 4 new notifications
2025-05-06 23:52:15,320 - ERROR - Error in main loop: 'general'
2025-05-06 23:52:59,166 - INFO - Checking for new notifications at 2025-05-06 23:52:59.166038
2025-05-06 23:52:59,966 - INFO - Found 2 new notifications
2025-05-06 23:53:00,460 - ERROR - Error in main loop: 'general'
2025-05-06 23:53:15,322 - INFO - Checking for new notifications at 2025-05-06 23:53:15.322529
2025-05-06 23:53:16,198 - INFO - Found 3 new notifications
2025-05-06 23:53:16,623 - ERROR - Error in main loop: 'general'
2025-05-06 23:53:54,966 - INFO - Starting notification bot...
2025-05-06 23:53:54,966 - ERROR - Error loading cache: Expecting value: line 1 column 1 (char 0)
2025-05-06 23:53:54,966 - INFO - Checking for new notifications at 2025-05-06 23:53:54.966668
2025-05-06 23:53:56,596 - INFO - Found 5 new notifications
2025-05-06 23:53:57,665 - ERROR - Error processing notification 5: 'general'
2025-05-06 23:53:58,106 - ERROR - Error processing notification 4: 'general'
2025-05-06 23:53:58,529 - ERROR - Error processing notification 3: 'general'
2025-05-06 23:53:58,969 - ERROR - Error processing notification 2: 'general'
2025-05-06 23:53:59,433 - ERROR - Error processing notification 1: 'general'
2025-05-06 23:54:00,462 - INFO - Checking for new notifications at 2025-05-06 23:54:00.462250
2025-05-06 23:54:01,480 - INFO - Found 1 new notifications
2025-05-06 23:54:02,049 - ERROR - Error in main loop: 'general'
2025-05-06 23:55:02,051 - INFO - Checking for new notifications at 2025-05-06 23:55:02.051566
2025-05-06 23:55:03,039 - INFO - No new notifications found
2025-05-06 23:56:00,449 - INFO - Starting notification bot...
2025-05-06 23:56:00,450 - INFO - Checking for new notifications at 2025-05-06 23:56:00.450150
2025-05-06 23:56:02,058 - INFO - No new notifications found
2025-05-06 23:56:21,940 - INFO - Starting notification bot...
2025-05-06 23:56:21,941 - ERROR - Error loading cache: Expecting value: line 1 column 1 (char 0)
2025-05-06 23:56:21,941 - INFO - Checking for new notifications at 2025-05-06 23:56:21.941972
2025-05-06 23:56:23,603 - INFO - Found 5 new notifications
2025-05-06 23:56:24,597 - ERROR - Error processing notification 5: 'general'
2025-05-06 23:56:25,000 - ERROR - Error processing notification 4: 'general'
2025-05-06 23:56:25,402 - ERROR - Error processing notification 3: 'general'
2025-05-06 23:56:25,806 - ERROR - Error processing notification 2: 'general'
2025-05-06 23:56:26,206 - ERROR - Error processing notification 1: 'general'
